Arguments: 
  D:\software\nodeJs\info\node.exe D:\software\nodeJs\info\node_global\node_modules\yarn\bin\yarn.js add webpack webpack-cli --dev

PATH: 
  D:\ProjectSOFT\Oracle\info\bin;D:\ProjectSOFT\Xshell\info\;C:\ProgramData\Oracle\Java\javapath;C:\Program Files (x86)\Intel\Intel(R) Management Engine Components\iCLS\;C:\Program Files\Intel\Intel(R) Management Engine Components\iCLS\;C:\Windows\system32;C:\Windows;C:\Windows\System32\Wbem;C:\Windows\System32\WindowsPowerShell\v1.0\;C:\Program Files (x86)\NVIDIA Corporation\PhysX\Common;C:\Program Files\Intel\WiFi\bin\;C:\Program Files\Common Files\Intel\WirelessCommon\;C:\Program Files (x86)\Intel\Intel(R) Management Engine Components\DAL;C:\Program Files\Intel\Intel(R) Management Engine Components\DAL;C:\Program Files (x86)\Intel\Intel(R) Management Engine Components\IPT;C:\Program Files\Intel\Intel(R) Management Engine Components\IPT;C:\Program Files\Acer ProShield\;C:\Program Files\Acer ProShield\x86;D:\software\visual studio code\info\Microsoft VS Code\bin;C:\WINDOWS\system32;C:\WINDOWS;C:\WINDOWS\System32\Wbem;C:\WINDOWS\System32\WindowsPowerShell\v1.0\;C:\WINDOWS\System32\OpenSSH\;C:\Program Files (x86)\MySQL\MySQL Utilities 1.6\;D:\software\nodeJs\info\node_global;D:\ProjectSOFT\JDK\info\Java\jdk1.8.0_131\bin;D:\ProjectSOFT\JDK\info\Java\jdk1.8.0_131\jre\bin;D:\ProjectSOFT\Git\info\Git\cmd;D:\YZJINFOTECH\Common;D:\software\nodeJs\info\;D:\software\Yarn\info\bin\;D:\ProjectSOFT\SecureCRT\info\;C:\Users\li_sh\AppData\Local\Microsoft\WindowsApps;D:\software\nodeJs\info\node_modules\npm;D:\software\nodeJs\info\node_global;C:\Users\li_sh\AppData\Local\Yarn\Data\bin;C:\Users\li_sh\AppData\Local\Yarn\Data\global;D:\ProjectSOFT\idealC\info\IntelliJ IDEA Community Edition 2018.3.1\bin;D:\software\Fiddler\info\Fiddler;D:\ProjectSOFT\idealC\info\IntelliJ IDEA Community Edition 2019.3.4\bin;;D:\ProjectSOFT\Apache Tomcat\doc\apache-tomcat-8.5.49-windows-x64\apache-tomcat-8.5.49\bin;D:\ProjectSOFT\Apache Tomcat\doc\apache-tomcat-8.5.49-windows-x64\apache-tomcat-8.5.49\lib;D:\ProjectSOFT\idealC\info\IntelliJ IDEA 2020.1.3\bin;;C:\Program Files\MySQL\MySQL Server 5.7\bin;D:\ProjectSOFT\Apache Maven\doc\apache-maven-3.6.3\bin;

Yarn version: 
  1.22.10

Node version: 
  12.19.0

Platform: 
  win32 x64

Trace: 
  Error [ERR_TLS_CERT_ALTNAME_INVALID]: Hostname/IP does not match certificate's altnames: Host: registry.npmjs.taobao.org. is not in the cert's altnames: DNS:*.alicdn.com, DNS:*.cmos.greencompute.org, DNS:cmos.greencompute.org, DNS:m.intl.taobao.com, DNS:*.mobgslb.tbcache.com, DNS:alikunlun.com, DNS:*.alikunlun.com, DNS:s.tbcdn.cn, DNS:*.django.t.taobao.com, DNS:alicdn.com
      at Object.checkServerIdentity (tls.js:287:12)
      at TLSSocket.onConnectSecure (_tls_wrap.js:1512:27)
      at TLSSocket.emit (events.js:314:20)
      at TLSSocket._finishInit (_tls_wrap.js:937:8)
      at TLSWrap.ssl.onhandshakedone (_tls_wrap.js:711:12)

npm manifest: 
  {
    "name": "01-webpack",
    "version": "1.0.0",
    "main": "index.js",
    "license": "MIT"
  }

yarn manifest: 
  No manifest

Lockfile: 
  No lockfile
