Arguments: 
  D:\software\nodeJs\info\node.exe D:\software\nodeJs\info\node_global\node_modules\yarn\bin\yarn.js add @types/lodash --dev

PATH: 
  D:\ProjectSOFT\Xshell\info\;C:\ProgramData\Oracle\Java\javapath;C:\Program Files (x86)\Intel\Intel(R) Management Engine Components\iCLS\;C:\Program Files\Intel\Intel(R) Management Engine Components\iCLS\;C:\Windows\system32;C:\Windows;C:\Windows\System32\Wbem;C:\Windows\System32\WindowsPowerShell\v1.0\;C:\Program Files (x86)\NVIDIA Corporation\PhysX\Common;C:\Program Files\Intel\WiFi\bin\;C:\Program Files\Common Files\Intel\WirelessCommon\;C:\Program Files (x86)\Intel\Intel(R) Management Engine Components\DAL;C:\Program Files\Intel\Intel(R) Management Engine Components\DAL;C:\Program Files (x86)\Intel\Intel(R) Management Engine Components\IPT;C:\Program Files\Intel\Intel(R) Management Engine Components\IPT;C:\Program Files\Acer ProShield\;C:\Program Files\Acer ProShield\x86;D:\software\visual studio code\info\Microsoft VS Code\bin;C:\WINDOWS\system32;C:\WINDOWS;C:\WINDOWS\System32\Wbem;C:\WINDOWS\System32\WindowsPowerShell\v1.0\;C:\WINDOWS\System32\OpenSSH\;C:\Program Files (x86)\MySQL\MySQL Utilities 1.6\;D:\software\nodeJs\info\node_global;D:\ProjectSOFT\JDK\info\Java\jdk1.8.0_131\bin;D:\ProjectSOFT\JDK\info\Java\jdk1.8.0_131\jre\bin;D:\ProjectSOFT\Git\info\Git\cmd;D:\YZJINFOTECH\Common;D:\software\nodeJs\info\;D:\ProjectSOFT\SecureCRT\info\;C:\Users\li_sh\AppData\Local\Microsoft\WindowsApps;D:\software\nodeJs\info\node_modules\npm;D:\ProjectSOFT\idealC\info\IntelliJ IDEA Community Edition 2018.3.1\bin;D:\software\nodeJs\info\node_global;D:\software\Fiddler\info\Fiddler;D:\ProjectSOFT\idealC\info\IntelliJ IDEA Community Edition 2019.3.4\bin;;D:\ProjectSOFT\Apache Tomcat\doc\apache-tomcat-8.5.49-windows-x64\apache-tomcat-8.5.49\bin;D:\ProjectSOFT\Apache Tomcat\doc\apache-tomcat-8.5.49-windows-x64\apache-tomcat-8.5.49\lib;D:\ProjectSOFT\idealC\info\IntelliJ IDEA 2020.1.3\bin;;C:\Program Files\MySQL\MySQL Server 5.7\bin;D:\ProjectSOFT\Apache Maven\doc\apache-maven-3.6.3\bin;C:\Users\li_sh\AppData\Roaming\npm

Yarn version: 
  1.22.10

Node version: 
  12.19.0

Platform: 
  win32 x64

Trace: 
  Error: connect ETIMEDOUT 104.16.23.35:443
      at TCPConnectWrap.afterConnect [as oncomplete] (net.js:1145:16)

npm manifest: 
  {
    "name": "typescript",
    "version": "1.0.0",
    "main": "index.js",
    "license": "MIT",
    "devDependencies": {
      "typescript": "^4.0.5"
    }
  }

yarn manifest: 
  No manifest

Lockfile: 
  # THIS IS AN AUTOGENERATED FILE. DO NOT EDIT THIS FILE DIRECTLY.
  # yarn lockfile v1
  
  
  typescript@^4.0.5:
    version "4.0.5"
    resolved "https://registry.yarnpkg.com/typescript/-/typescript-4.0.5.tgz#ae9dddfd1069f1cb5beb3ef3b2170dd7c1332389"
    integrity sha512-ywmr/VrTVCmNTJ6iV2LwIrfG1P+lv6luD8sUJs+2eI9NLGigaN+nUQc13iHqisq7bra9lnmUSYqbJvegraBOPQ==
